This is pdfTeX, Version 3.14159265-2.6-1.40.19 (TeX Live 2019/dev/Debian) (preloaded format=pdflatex 2019.12.8)  2 FEB 2021 07:28
entering extended mode
 restricted \write18 enabled.
 %&-line parsing enabled.
**preface.tex
(./preface.tex
LaTeX2e <2018-12-01>
! Undefined control sequence.
l.1 \chapter
            *{Preface}
The control sequence at the end of the top line
of your error message was never \def'ed. If you have
misspelled it (e.g., `\hobx'), type `I' and the correct
spelling (e.g., `I\hbox'). Otherwise just continue,
and I'll forget about whatever was undefined.


! LaTeX Error: Missing \begin{document}.

See the LaTeX manual or LaTeX Companion for explanation.
Type  H <return>  for immediate help.
 ...                                              
                                                  
l.1 \chapter*
             {Preface}
You're in trouble here.  Try typing  <return>  to proceed.
If that doesn't work, type  X <return>  to quit.

Missing character: There is no * in font nullfont!
Missing character: There is no P in font nullfont!
Missing character: There is no r in font nullfont!
Missing character: There is no e in font nullfont!
Missing character: There is no f in font nullfont!
Missing character: There is no a in font nullfont!
Missing character: There is no c in font nullfont!
Missing character: There is no e in font nullfont!
! Undefined control sequence.
l.3 \Large
           \textsf{About the Author}||
The control sequence at the end of the top line
of your error message was never \def'ed. If you have
misspelled it (e.g., `\hobx'), type `I' and the correct
spelling (e.g., `I\hbox'). Otherwise just continue,
and I'll forget about whatever was undefined.

Missing character: There is no | in font nullfont!
Missing character: There is no | in font nullfont!
! Misplaced alignment tab character &.
<argument> ...Science degree in Network Security &
                                                   Network Engineering from ...
l.13 ...twork Engineering from DePaul University.}
                                                  
I can't figure out why you would want to use a tab mark
here. If you just want an ampersand, the remedy is
simple: Just type `I\&' now. But if some right brace
up above has ended a previous alignment prematurely,
you're probably due for more error messages, and you
might try typing `S' now just to see what is salvageable.

! Undefined control sequence.
l.15 \Large
            \textsf{Acknowledgements}||
The control sequence at the end of the top line
of your error message was never \def'ed. If you have
misspelled it (e.g., `\hobx'), type `I' and the correct
spelling (e.g., `I\hbox'). Otherwise just continue,
and I'll forget about whatever was undefined.

Missing character: There is no | in font nullfont!
Missing character: There is no | in font nullfont!

Overfull \hbox (20.0pt too wide) in paragraph at lines 1--16
[]
 []


Overfull \hbox (25.88895pt too wide) in paragraph at lines 1--16
\OT1/cmss/m/n/10 About
 []


Overfull \hbox (13.22223pt too wide) in paragraph at lines 1--16
\OT1/cmss/m/n/10 the
 []


Overfull \hbox (15.16669pt too wide) in paragraph at lines 1--16
\OT1/cmss/m/n/10 Au-
 []


Overfull \hbox (16.9167pt too wide) in paragraph at lines 1--16
\OT1/cmss/m/n/10 thor
 []


Overfull \hbox (33.63898pt too wide) in paragraph at lines 1--16
\OT1/cmss/m/n/10 Franklin
 []


Overfull \hbox (18.76395pt too wide) in paragraph at lines 1--16
\OT1/cmss/m/n/10 Diaz
 []


Overfull \hbox (6.22221pt too wide) in paragraph at lines 1--16
\OT1/cmss/m/n/10 is
 []


Overfull \hbox (4.80557pt too wide) in paragraph at lines 1--16
\OT1/cmss/m/n/10 a
 []


Overfull \hbox (22.6667pt too wide) in paragraph at lines 1--16
\OT1/cmss/m/n/10 Com-
 []


Overfull \hbox (21.80559pt too wide) in paragraph at lines 1--16
\OT1/cmss/m/n/10 puter
 []


Overfull \hbox (15.72223pt too wide) in paragraph at lines 1--16
\OT1/cmss/m/n/10 Sci-
 []


Overfull \hbox (12.94444pt too wide) in paragraph at lines 1--16
\OT1/cmss/m/n/10 en-
 []


Overfull \hbox (13.44444pt too wide) in paragraph at lines 1--16
\OT1/cmss/m/n/10 tist
 []


Overfull \hbox (15.13892pt too wide) in paragraph at lines 1--16
\OT1/cmss/m/n/10 and
 []


Overfull \hbox (15.61111pt too wide) in paragraph at lines 1--16
\OT1/cmss/m/n/10 life-
 []


Overfull \hbox (17.55559pt too wide) in paragraph at lines 1--16
\OT1/cmss/m/n/10 long
 []


Overfull \hbox (20.72224pt too wide) in paragraph at lines 1--16
\OT1/cmss/m/n/10 com-
 []


Overfull \hbox (21.80559pt too wide) in paragraph at lines 1--16
\OT1/cmss/m/n/10 puter
 []


Overfull \hbox (18.66669pt too wide) in paragraph at lines 1--16
\OT1/cmss/m/n/10 hob-
 []


Overfull \hbox (12.83334pt too wide) in paragraph at lines 1--16
\OT1/cmss/m/n/10 by-
 []


Overfull \hbox (12.61111pt too wide) in paragraph at lines 1--16
\OT1/cmss/m/n/10 ist.
 []


Overfull \hbox (11.52782pt too wide) in paragraph at lines 1--16
\OT1/cmss/m/n/10 He
 []


Overfull \hbox (22.50002pt too wide) in paragraph at lines 1--16
\OT1/cmss/m/n/10 spent
 []


Overfull \hbox (10.00003pt too wide) in paragraph at lines 1--16
\OT1/cmss/m/n/10 14
 []


Overfull \hbox (20.55559pt too wide) in paragraph at lines 1--16
\OT1/cmss/m/n/10 years
 []


Overfull \hbox (8.6389pt too wide) in paragraph at lines 1--16
\OT1/cmss/m/n/10 as
 []


Overfull \hbox (4.80557pt too wide) in paragraph at lines 1--16
\OT1/cmss/m/n/10 a
 []


Overfull \hbox (20.5556pt too wide) in paragraph at lines 1--16
\OT1/cmss/m/n/10 Soft-
 []


Overfull \hbox (18.94449pt too wide) in paragraph at lines 1--16
\OT1/cmss/m/n/10 ware
 []


Overfull \hbox (14.47223pt too wide) in paragraph at lines 1--16
\OT1/cmss/m/n/10 En-
 []


Overfull \hbox (10.72223pt too wide) in paragraph at lines 1--16
\OT1/cmss/m/n/10 gi-
 []


Overfull \hbox (20.25003pt too wide) in paragraph at lines 1--16
\OT1/cmss/m/n/10 neer,
 []


Overfull \hbox (18.83333pt too wide) in paragraph at lines 1--16
\OT1/cmss/m/n/10 test-
 []


Overfull \hbox (12.55557pt too wide) in paragraph at lines 1--16
\OT1/cmss/m/n/10 ing
 []


Overfull \hbox (15.13892pt too wide) in paragraph at lines 1--16
\OT1/cmss/m/n/10 and
 []


Overfull \hbox (12.94444pt too wide) in paragraph at lines 1--16
\OT1/cmss/m/n/10 de-
 []


Overfull \hbox (14.77779pt too wide) in paragraph at lines 1--16
\OT1/cmss/m/n/10 vel-
 []


Overfull \hbox (13.50002pt too wide) in paragraph at lines 1--16
\OT1/cmss/m/n/10 op-
 []


Overfull \hbox (12.55557pt too wide) in paragraph at lines 1--16
\OT1/cmss/m/n/10 ing
 []


Overfull \hbox (17.08339pt too wide) in paragraph at lines 1--16
\OT1/cmss/m/n/10 Mo-
 []


Overfull \hbox (30.55562pt too wide) in paragraph at lines 1--16
\OT1/cmss/m/n/10 torola's
 []


Overfull \hbox (29.0279pt too wide) in paragraph at lines 1--16
\OT1/cmss/m/n/10 CDMA
 []


Overfull \hbox (14.6111pt too wide) in paragraph at lines 1--16
\OT1/cmss/m/n/10 cel-
 []


Overfull \hbox (10.88889pt too wide) in paragraph at lines 1--16
\OT1/cmss/m/n/10 lu-
 []


Overfull \hbox (10.33336pt too wide) in paragraph at lines 1--16
\OT1/cmss/m/n/10 lar
 []


Overfull \hbox (18.25002pt too wide) in paragraph at lines 1--16
\OT1/cmss/m/n/10 base
 []


Overfull \hbox (15.58334pt too wide) in paragraph at lines 1--16
\OT1/cmss/m/n/10 sta-
 []


Overfull \hbox (16.16669pt too wide) in paragraph at lines 1--16
\OT1/cmss/m/n/10 tion
 []


Overfull \hbox (22.08337pt too wide) in paragraph at lines 1--16
\OT1/cmss/m/n/10 prod-
 []


Overfull \hbox (19.83334pt too wide) in paragraph at lines 1--16
\OT1/cmss/m/n/10 ucts.
 []


Overfull \hbox (11.52782pt too wide) in paragraph at lines 1--16
\OT1/cmss/m/n/10 He
 []


Overfull \hbox (22.50002pt too wide) in paragraph at lines 1--16
\OT1/cmss/m/n/10 spent
 []


Overfull \hbox (14.41669pt too wide) in paragraph at lines 1--16
\OT1/cmss/m/n/10 five
 []


Overfull \hbox (20.55559pt too wide) in paragraph at lines 1--16
\OT1/cmss/m/n/10 years
 []


Overfull \hbox (24.36113pt too wide) in paragraph at lines 1--16
\OT1/cmss/m/n/10 Sales-
 []


Overfull \hbox (20.08337pt too wide) in paragraph at lines 1--16
\OT1/cmss/m/n/10 force
 []


Overfull \hbox (24.3056pt too wide) in paragraph at lines 1--16
\OT1/cmss/m/n/10 where
 []


Overfull \hbox (9.61111pt too wide) in paragraph at lines 1--16
\OT1/cmss/m/n/10 he
 []


Overfull \hbox (15.19447pt too wide) in paragraph at lines 1--16
\OT1/cmss/m/n/10 was
 []


Overfull \hbox (10.16669pt too wide) in paragraph at lines 1--16
\OT1/cmss/m/n/10 on
 []


Overfull \hbox (13.22223pt too wide) in paragraph at lines 1--16
\OT1/cmss/m/n/10 the
 []


Overfull \hbox (13.33334pt too wide) in paragraph at lines 1--16
\OT1/cmss/m/n/10 Se-
 []


Overfull \hbox (12.94444pt too wide) in paragraph at lines 1--16
\OT1/cmss/m/n/10 cu-
 []


Overfull \hbox (13.75003pt too wide) in paragraph at lines 1--16
\OT1/cmss/m/n/10 rity
 []


Overfull \hbox (15.00003pt too wide) in paragraph at lines 1--16
\OT1/cmss/m/n/10 De-
 []


Overfull \hbox (15.83333pt too wide) in paragraph at lines 1--16
\OT1/cmss/m/n/10 tec-
 []


Overfull \hbox (16.16669pt too wide) in paragraph at lines 1--16
\OT1/cmss/m/n/10 tion
 []


Overfull \hbox (14.47223pt too wide) in paragraph at lines 1--16
\OT1/cmss/m/n/10 En-
 []


Overfull \hbox (10.72223pt too wide) in paragraph at lines 1--16
\OT1/cmss/m/n/10 gi-
 []


Overfull \hbox (20.80557pt too wide) in paragraph at lines 1--16
\OT1/cmss/m/n/10 neer-
 []


Overfull \hbox (12.55557pt too wide) in paragraph at lines 1--16
\OT1/cmss/m/n/10 ing
 []


Overfull \hbox (20.80559pt too wide) in paragraph at lines 1--16
\OT1/cmss/m/n/10 team
 []


Overfull \hbox (13.50002pt too wide) in paragraph at lines 1--16
\OT1/cmss/m/n/10 do-
 []


Overfull \hbox (12.55557pt too wide) in paragraph at lines 1--16
\OT1/cmss/m/n/10 ing
 []


Overfull \hbox (11.6111pt too wide) in paragraph at lines 1--16
\OT1/cmss/m/n/10 se-
 []


Overfull \hbox (12.94444pt too wide) in paragraph at lines 1--16
\OT1/cmss/m/n/10 cu-
 []


Overfull \hbox (13.75003pt too wide) in paragraph at lines 1--16
\OT1/cmss/m/n/10 rity
 []


Overfull \hbox (12.38892pt too wide) in paragraph at lines 1--16
\OT1/cmss/m/n/10 log
 []


Overfull \hbox (13.13892pt too wide) in paragraph at lines 1--16
\OT1/cmss/m/n/10 ag-
 []


Overfull \hbox (16.19447pt too wide) in paragraph at lines 1--16
\OT1/cmss/m/n/10 gre-
 []


Overfull \hbox (13.13892pt too wide) in paragraph at lines 1--16
\OT1/cmss/m/n/10 ga-
 []


Overfull \hbox (16.16669pt too wide) in paragraph at lines 1--16
\OT1/cmss/m/n/10 tion
 []


Overfull \hbox (15.13892pt too wide) in paragraph at lines 1--16
\OT1/cmss/m/n/10 and
 []


Overfull \hbox (20.44452pt too wide) in paragraph at lines 1--16
\OT1/cmss/m/n/10 Data
 []


Overfull \hbox (14.47223pt too wide) in paragraph at lines 1--16
\OT1/cmss/m/n/10 En-
 []


Overfull \hbox (10.72223pt too wide) in paragraph at lines 1--16
\OT1/cmss/m/n/10 gi-
 []


Overfull \hbox (20.80557pt too wide) in paragraph at lines 1--16
\OT1/cmss/m/n/10 neer-
 []


Overfull \hbox (12.55557pt too wide) in paragraph at lines 1--16
\OT1/cmss/m/n/10 ing
 []


Overfull \hbox (8.61113pt too wide) in paragraph at lines 1--16
\OT1/cmss/m/n/10 to
 []


Overfull \hbox (18.30559pt too wide) in paragraph at lines 1--16
\OT1/cmss/m/n/10 aug-
 []


Overfull \hbox (21.16669pt too wide) in paragraph at lines 1--16
\OT1/cmss/m/n/10 ment
 []


Overfull \hbox (15.13892pt too wide) in paragraph at lines 1--16
\OT1/cmss/m/n/10 and
 []


Overfull \hbox (12.94444pt too wide) in paragraph at lines 1--16
\OT1/cmss/m/n/10 en-
 []


Overfull \hbox (24.0278pt too wide) in paragraph at lines 1--16
\OT1/cmss/m/n/10 hance
 []


Overfull \hbox (13.22223pt too wide) in paragraph at lines 1--16
\OT1/cmss/m/n/10 the
 []


Overfull \hbox (12.94444pt too wide) in paragraph at lines 1--16
\OT1/cmss/m/n/10 de-
 []


Overfull \hbox (15.83333pt too wide) in paragraph at lines 1--16
\OT1/cmss/m/n/10 tec-
 []


Overfull \hbox (16.16669pt too wide) in paragraph at lines 1--16
\OT1/cmss/m/n/10 tion
 []


Overfull \hbox (12.58334pt too wide) in paragraph at lines 1--16
\OT1/cmss/m/n/10 ca-
 []


Overfull \hbox (13.30557pt too wide) in paragraph at lines 1--16
\OT1/cmss/m/n/10 pa-
 []


Overfull \hbox (13.27777pt too wide) in paragraph at lines 1--16
\OT1/cmss/m/n/10 bil-
 []


Overfull \hbox (5.72221pt too wide) in paragraph at lines 1--16
\OT1/cmss/m/n/10 i-
 []


Overfull \hbox (14.27777pt too wide) in paragraph at lines 1--16
\OT1/cmss/m/n/10 ties
 []


Overfull \hbox (8.05559pt too wide) in paragraph at lines 1--16
\OT1/cmss/m/n/10 of
 []


Overfull \hbox (13.22223pt too wide) in paragraph at lines 1--16
\OT1/cmss/m/n/10 the
 []


Overfull \hbox (18.66669pt too wide) in paragraph at lines 1--16
\OT1/cmss/m/n/10 Blue
 []


Overfull \hbox (25.94449pt too wide) in paragraph at lines 1--16
\OT1/cmss/m/n/10 Team.
 []


Overfull \hbox (21.1945pt too wide) in paragraph at lines 1--16
\OT1/cmss/m/n/10 Most
 []


Overfull \hbox (11.19446pt too wide) in paragraph at lines 1--16
\OT1/cmss/m/n/10 re-
 []


Overfull \hbox (24.66669pt too wide) in paragraph at lines 1--16
\OT1/cmss/m/n/10 cently
 []


Overfull \hbox (9.61111pt too wide) in paragraph at lines 1--16
\OT1/cmss/m/n/10 he
 []


Overfull \hbox (6.22221pt too wide) in paragraph at lines 1--16
\OT1/cmss/m/n/10 is
 []


Overfull \hbox (8.41669pt too wide) in paragraph at lines 1--16
\OT1/cmss/m/n/10 at
 []


Overfull \hbox (18.30559pt too wide) in paragraph at lines 1--16
\OT1/cmss/m/n/10 Palo
 []


Overfull \hbox (17.6667pt too wide) in paragraph at lines 1--16
\OT1/cmss/m/n/10 Alto
 []


Overfull \hbox (18.47226pt too wide) in paragraph at lines 1--16
\OT1/cmss/m/n/10 Net-
 []


Overfull \hbox (23.41673pt too wide) in paragraph at lines 1--16
\OT1/cmss/m/n/10 works
 []


Overfull \hbox (24.3056pt too wide) in paragraph at lines 1--16
\OT1/cmss/m/n/10 where
 []


Overfull \hbox (9.61111pt too wide) in paragraph at lines 1--16
\OT1/cmss/m/n/10 he
 []


Overfull \hbox (23.41673pt too wide) in paragraph at lines 1--16
\OT1/cmss/m/n/10 works
 []


Overfull \hbox (8.6389pt too wide) in paragraph at lines 1--16
\OT1/cmss/m/n/10 as
 []


Overfull \hbox (4.80557pt too wide) in paragraph at lines 1--16
\OT1/cmss/m/n/10 a
 []


Overfull \hbox (19.88892pt too wide) in paragraph at lines 1--16
\OT1/cmss/m/n/10 Con-
 []


Overfull \hbox (18.33333pt too wide) in paragraph at lines 1--16
\OT1/cmss/m/n/10 sult-
 []


Overfull \hbox (12.55557pt too wide) in paragraph at lines 1--16
\OT1/cmss/m/n/10 ing
 []


Overfull \hbox (14.47223pt too wide) in paragraph at lines 1--16
\OT1/cmss/m/n/10 En-
 []


Overfull \hbox (10.72223pt too wide) in paragraph at lines 1--16
\OT1/cmss/m/n/10 gi-
 []


Overfull \hbox (20.25003pt too wide) in paragraph at lines 1--16
\OT1/cmss/m/n/10 neer.
 []


Overfull \hbox (11.52782pt too wide) in paragraph at lines 1--16
\OT1/cmss/m/n/10 He
 []


Overfull \hbox (6.22221pt too wide) in paragraph at lines 1--16
\OT1/cmss/m/n/10 is
 []


Overfull \hbox (16.0278pt too wide) in paragraph at lines 1--16
\OT1/cmss/m/n/10 also
 []


Overfull \hbox (13.22223pt too wide) in paragraph at lines 1--16
\OT1/cmss/m/n/10 the
 []


Overfull \hbox (16.80557pt too wide) in paragraph at lines 1--16
\OT1/cmss/m/n/10 lead
 []


Overfull \hbox (11.47224pt too wide) in paragraph at lines 1--16
\OT1/cmss/m/n/10 or-
 []


Overfull \hbox (13.13892pt too wide) in paragraph at lines 1--16
\OT1/cmss/m/n/10 ga-
 []


Overfull \hbox (19.76392pt too wide) in paragraph at lines 1--16
\OT1/cmss/m/n/10 nizer
 []


Overfull \hbox (11.19449pt too wide) in paragraph at lines 1--16
\OT1/cmss/m/n/10 for
 []


Overfull \hbox (13.22223pt too wide) in paragraph at lines 1--16
\OT1/cmss/m/n/10 the
 []


Overfull \hbox (28.05559pt too wide) in paragraph at lines 1--16
\OT1/cmss/m/n/10 BSides
 []


Overfull \hbox (17.72227pt too wide) in paragraph at lines 1--16
\OT1/cmss/m/n/10 Indy
 []


Overfull \hbox (11.6111pt too wide) in paragraph at lines 1--16
\OT1/cmss/m/n/10 se-
 []


Overfull \hbox (12.94444pt too wide) in paragraph at lines 1--16
\OT1/cmss/m/n/10 cu-
 []


Overfull \hbox (13.75003pt too wide) in paragraph at lines 1--16
\OT1/cmss/m/n/10 rity
 []


Overfull \hbox (17.94446pt too wide) in paragraph at lines 1--16
\OT1/cmss/m/n/10 con-
 []


Overfull \hbox (14.25003pt too wide) in paragraph at lines 1--16
\OT1/cmss/m/n/10 fer-
 []


Overfull \hbox (18.5pt too wide) in paragraph at lines 1--16
\OT1/cmss/m/n/10 ence
 []


Overfull \hbox (7.55556pt too wide) in paragraph at lines 1--16
\OT1/cmss/m/n/10 in
 []


Overfull \hbox (11.2778pt too wide) in paragraph at lines 1--16
\OT1/cmss/m/n/10 In-
 []


Overfull \hbox (10.88889pt too wide) in paragraph at lines 1--16
\OT1/cmss/m/n/10 di-
 []


Overfull \hbox (28.55562pt too wide) in paragraph at lines 1--16
\OT1/cmss/m/n/10 anapo-
 []


Overfull \hbox (11.38889pt too wide) in paragraph at lines 1--16
\OT1/cmss/m/n/10 lis,
 []


Overfull \hbox (11.2778pt too wide) in paragraph at lines 1--16
\OT1/cmss/m/n/10 In-
 []


Overfull \hbox (10.88889pt too wide) in paragraph at lines 1--16
\OT1/cmss/m/n/10 di-
 []


Overfull \hbox (17.5556pt too wide) in paragraph at lines 1--16
\OT1/cmss/m/n/10 ana.
 []


Overfull \hbox (13.30559pt too wide) in paragraph at lines 1--16
\OT1/cmss/m/n/10 His
 []


Overfull \hbox (12.94444pt too wide) in paragraph at lines 1--16
\OT1/cmss/m/n/10 ed-
 []


Overfull \hbox (8.5pt too wide) in paragraph at lines 1--16
\OT1/cmss/m/n/10 u-
 []


Overfull \hbox (12.58334pt too wide) in paragraph at lines 1--16
\OT1/cmss/m/n/10 ca-
 []


Overfull \hbox (16.16669pt too wide) in paragraph at lines 1--16
\OT1/cmss/m/n/10 tion
 []


Overfull \hbox (10.88889pt too wide) in paragraph at lines 1--16
\OT1/cmss/m/n/10 in-
 []


Overfull \hbox (25.44444pt too wide) in paragraph at lines 1--16
\OT1/cmss/m/n/10 cludes
 []


Overfull \hbox (4.80557pt too wide) in paragraph at lines 1--16
\OT1/cmss/m/n/10 a
 []


Overfull \hbox (24.4167pt too wide) in paragraph at lines 1--16
\OT1/cmss/m/n/10 Bach-
 []


Overfull \hbox (7.77777pt too wide) in paragraph at lines 1--16
\OT1/cmss/m/n/10 e-
 []


Overfull \hbox (10.5278pt too wide) in paragraph at lines 1--16
\OT1/cmss/m/n/10 lor
 []


Overfull \hbox (8.05559pt too wide) in paragraph at lines 1--16
\OT1/cmss/m/n/10 of
 []


Overfull \hbox (15.72223pt too wide) in paragraph at lines 1--16
\OT1/cmss/m/n/10 Sci-
 []


Overfull \hbox (18.5pt too wide) in paragraph at lines 1--16
\OT1/cmss/m/n/10 ence
 []


Overfull \hbox (7.55556pt too wide) in paragraph at lines 1--16
\OT1/cmss/m/n/10 in
 []


Overfull \hbox (22.6667pt too wide) in paragraph at lines 1--16
\OT1/cmss/m/n/10 Com-
 []


Overfull \hbox (21.80559pt too wide) in paragraph at lines 1--16
\OT1/cmss/m/n/10 puter
 []


Overfull \hbox (15.72223pt too wide) in paragraph at lines 1--16
\OT1/cmss/m/n/10 Sci-
 []


Overfull \hbox (18.5pt too wide) in paragraph at lines 1--16
\OT1/cmss/m/n/10 ence
 []


Overfull \hbox (19.41673pt too wide) in paragraph at lines 1--16
\OT1/cmss/m/n/10 from
 []


Overfull \hbox (20.0695pt too wide) in paragraph at lines 1--16
\OT1/cmss/m/n/10 Roo-
 []


Overfull \hbox (23.33334pt too wide) in paragraph at lines 1--16
\OT1/cmss/m/n/10 sevelt
 []


Overfull \hbox (17.76393pt too wide) in paragraph at lines 1--16
\OT1/cmss/m/n/10 Uni-
 []


Overfull \hbox (15.80559pt too wide) in paragraph at lines 1--16
\OT1/cmss/m/n/10 ver-
 []


Overfull \hbox (16.11111pt too wide) in paragraph at lines 1--16
\OT1/cmss/m/n/10 sity,
 []


Overfull \hbox (4.80557pt too wide) in paragraph at lines 1--16
\OT1/cmss/m/n/10 a
 []


Overfull \hbox (20.72227pt too wide) in paragraph at lines 1--16
\OT1/cmss/m/n/10 Mas-
 []


Overfull \hbox (11.47224pt too wide) in paragraph at lines 1--16
\OT1/cmss/m/n/10 ter
 []


Overfull \hbox (8.05559pt too wide) in paragraph at lines 1--16
\OT1/cmss/m/n/10 of
 []


Overfull \hbox (15.72223pt too wide) in paragraph at lines 1--16
\OT1/cmss/m/n/10 Sci-
 []


Overfull \hbox (18.5pt too wide) in paragraph at lines 1--16
\OT1/cmss/m/n/10 ence
 []


Overfull \hbox (12.94444pt too wide) in paragraph at lines 1--16
\OT1/cmss/m/n/10 de-
 []


Overfull \hbox (17.30559pt too wide) in paragraph at lines 1--16
\OT1/cmss/m/n/10 gree
 []


Overfull \hbox (7.55556pt too wide) in paragraph at lines 1--16
\OT1/cmss/m/n/10 in
 []


Overfull \hbox (22.6667pt too wide) in paragraph at lines 1--16
\OT1/cmss/m/n/10 Com-
 []


Overfull \hbox (21.80559pt too wide) in paragraph at lines 1--16
\OT1/cmss/m/n/10 puter
 []


Overfull \hbox (11.2778pt too wide) in paragraph at lines 1--16
\OT1/cmss/m/n/10 In-
 []


Overfull \hbox (14.52782pt too wide) in paragraph at lines 1--16
\OT1/cmss/m/n/10 for-
 []


Overfull \hbox (16.08336pt too wide) in paragraph at lines 1--16
\OT1/cmss/m/n/10 ma-
 []


Overfull \hbox (16.16669pt too wide) in paragraph at lines 1--16
\OT1/cmss/m/n/10 tion
 []


Overfull \hbox (17.33336pt too wide) in paragraph at lines 1--16
\OT1/cmss/m/n/10 Sys-
 []


Overfull \hbox (19.83334pt too wide) in paragraph at lines 1--16
\OT1/cmss/m/n/10 tems
 []


Overfull \hbox (19.41673pt too wide) in paragraph at lines 1--16
\OT1/cmss/m/n/10 from
 []


Overfull \hbox (27.3334pt too wide) in paragraph at lines 1--16
\OT1/cmss/m/n/10 North-
 []


Overfull \hbox (21.77779pt too wide) in paragraph at lines 1--16
\OT1/cmss/m/n/10 west-
 []


Overfull \hbox (13.0278pt too wide) in paragraph at lines 1--16
\OT1/cmss/m/n/10 ern
 []


Overfull \hbox (17.76393pt too wide) in paragraph at lines 1--16
\OT1/cmss/m/n/10 Uni-
 []


Overfull \hbox (15.80559pt too wide) in paragraph at lines 1--16
\OT1/cmss/m/n/10 ver-
 []


Overfull \hbox (16.11111pt too wide) in paragraph at lines 1--16
\OT1/cmss/m/n/10 sity,
 []


Overfull \hbox (15.13892pt too wide) in paragraph at lines 1--16
\OT1/cmss/m/n/10 and
 []


Overfull \hbox (4.80557pt too wide) in paragraph at lines 1--16
\OT1/cmss/m/n/10 a
 []


Overfull \hbox (20.72227pt too wide) in paragraph at lines 1--16
\OT1/cmss/m/n/10 Mas-
 []


Overfull \hbox (11.47224pt too wide) in paragraph at lines 1--16
\OT1/cmss/m/n/10 ter
 []


Overfull \hbox (8.05559pt too wide) in paragraph at lines 1--16
\OT1/cmss/m/n/10 of
 []


Overfull \hbox (15.72223pt too wide) in paragraph at lines 1--16
\OT1/cmss/m/n/10 Sci-
 []


Overfull \hbox (18.5pt too wide) in paragraph at lines 1--16
\OT1/cmss/m/n/10 ence
 []


Overfull \hbox (12.94444pt too wide) in paragraph at lines 1--16
\OT1/cmss/m/n/10 de-
 []


Overfull \hbox (17.30559pt too wide) in paragraph at lines 1--16
\OT1/cmss/m/n/10 gree
 []


Overfull \hbox (7.55556pt too wide) in paragraph at lines 1--16
\OT1/cmss/m/n/10 in
 []


Overfull \hbox (18.47226pt too wide) in paragraph at lines 1--16
\OT1/cmss/m/n/10 Net-
 []


Overfull \hbox (19.5834pt too wide) in paragraph at lines 1--16
\OT1/cmss/m/n/10 work
 []


Overfull \hbox (13.33334pt too wide) in paragraph at lines 1--16
\OT1/cmss/m/n/10 Se-
 []


Overfull \hbox (12.94444pt too wide) in paragraph at lines 1--16
\OT1/cmss/m/n/10 cu-
 []


Overfull \hbox (13.75003pt too wide) in paragraph at lines 1--16
\OT1/cmss/m/n/10 rity
 []


Overfull \hbox (18.47226pt too wide) in paragraph at lines 1--16
\OT1/cmss/m/n/10 Net-
 []


Overfull \hbox (19.5834pt too wide) in paragraph at lines 1--16
\OT1/cmss/m/n/10 work
 []


Overfull \hbox (14.47223pt too wide) in paragraph at lines 1--16
\OT1/cmss/m/n/10 En-
 []


Overfull \hbox (10.72223pt too wide) in paragraph at lines 1--16
\OT1/cmss/m/n/10 gi-
 []


Overfull \hbox (20.80557pt too wide) in paragraph at lines 1--16
\OT1/cmss/m/n/10 neer-
 []


Overfull \hbox (12.55557pt too wide) in paragraph at lines 1--16
\OT1/cmss/m/n/10 ing
 []


Overfull \hbox (19.41673pt too wide) in paragraph at lines 1--16
\OT1/cmss/m/n/10 from
 []


Overfull \hbox (15.00003pt too wide) in paragraph at lines 1--16
\OT1/cmss/m/n/10 De-
 []


Overfull \hbox (18.47224pt too wide) in paragraph at lines 1--16
\OT1/cmss/m/n/10 Paul
 []


Overfull \hbox (17.76393pt too wide) in paragraph at lines 1--16
\OT1/cmss/m/n/10 Uni-
 []


Overfull \hbox (15.80559pt too wide) in paragraph at lines 1--16
\OT1/cmss/m/n/10 ver-
 []


Overfull \hbox (16.11111pt too wide) in paragraph at lines 1--16
\OT1/cmss/m/n/10 sity.
 []


Overfull \hbox (14.44446pt too wide) in paragraph at lines 1--16
\OT1/cmss/m/n/10 Ac-
 []


Overfull \hbox (27.33339pt too wide) in paragraph at lines 1--16
\OT1/cmss/m/n/10 knowl-
 []


Overfull \hbox (22.3889pt too wide) in paragraph at lines 1--16
\OT1/cmss/m/n/10 edge-
 []


Overfull \hbox (25.00002pt too wide) in paragraph at lines 1--16
\OT1/cmss/m/n/10 ments 
 []


Underfull \vbox (badness 10000) has occurred while \output is active []



! LaTeX Error: The font size command \normalsize is not defined:
               there is probably something wrong with the class file.

See the LaTeX manual or LaTeX Companion for explanation.
Type  H <return>  for immediate help.
 ...                                              
                                                  
l.16 
     
Your command was ignored.
Type  I <command> <return>  to replace it with another command,
or  <return>  to continue without it.

[1{/var/lib/texmf/fonts/map/pdftex/updmap/pdftex.map}]

! LaTeX Error: Missing \begin{document}.

See the LaTeX manual or LaTeX Companion for explanation.
Type  H <return>  for immediate help.
 ...                                              
                                                  
l.21 in a focus-stealing world.}
                                
You're in trouble here.  Try typing  <return>  to proceed.
If that doesn't work, type  X <return>  to quit.


Overfull \hbox (55.22229pt too wide) in paragraph at lines 21--22
[]\OT1/cmss/m/n/10 Creation
 []


Overfull \hbox (6.22221pt too wide) in paragraph at lines 21--22
\OT1/cmss/m/n/10 is
 []


Overfull \hbox (4.80557pt too wide) in paragraph at lines 21--22
\OT1/cmss/m/n/10 a
 []


Overfull \hbox (17.55559pt too wide) in paragraph at lines 21--22
\OT1/cmss/m/n/10 long
 []


Overfull \hbox (15.13892pt too wide) in paragraph at lines 21--22
\OT1/cmss/m/n/10 and
 []


Overfull \hbox (24.33336pt too wide) in paragraph at lines 21--22
\OT1/cmss/m/n/10 twisty
 []


Overfull \hbox (21.52782pt too wide) in paragraph at lines 21--22
\OT1/cmss/m/n/10 path,
 []


Overfull \hbox (30.2223pt too wide) in paragraph at lines 21--22
\OT1/cmss/m/n/10 fraught
 []


Overfull \hbox (18.00003pt too wide) in paragraph at lines 21--22
\OT1/cmss/m/n/10 with
 []


Overfull \hbox (13.22223pt too wide) in paragraph at lines 21--22
\OT1/cmss/m/n/10 the
 []


Overfull \hbox (14.72221pt too wide) in paragraph at lines 21--22
\OT1/cmss/m/n/10 dis-
 []


Overfull \hbox (19.61115pt too wide) in paragraph at lines 21--22
\OT1/cmss/m/n/10 trac-
 []


Overfull \hbox (20.00002pt too wide) in paragraph at lines 21--22
\OT1/cmss/m/n/10 tions
 []


Overfull \hbox (8.05559pt too wide) in paragraph at lines 21--22
\OT1/cmss/m/n/10 of
 []


Overfull \hbox (4.80557pt too wide) in paragraph at lines 21--22
\OT1/cmss/m/n/10 a
 []


Overfull \hbox (12.27779pt too wide) in paragraph at lines 21--22
\OT1/cmss/m/n/10 life
 []


Overfull \hbox (19.11111pt too wide) in paragraph at lines 21--22
\OT1/cmss/m/n/10 well-
 []


Overfull \hbox (19.00002pt too wide) in paragraph at lines 21--22
\OT1/cmss/m/n/10 lived
 []


Overfull \hbox (15.13892pt too wide) in paragraph at lines 21--22
\OT1/cmss/m/n/10 and
 []


Overfull \hbox (13.22223pt too wide) in paragraph at lines 21--22
\OT1/cmss/m/n/10 the
 []


Overfull \hbox (14.25003pt too wide) in paragraph at lines 21--22
\OT1/cmss/m/n/10 fre-
 []


Overfull \hbox (20.05556pt too wide) in paragraph at lines 21--22
\OT1/cmss/m/n/10 netic
 []


Overfull \hbox (18.86113pt too wide) in paragraph at lines 21--22
\OT1/cmss/m/n/10 pace
 []


Overfull \hbox (8.05559pt too wide) in paragraph at lines 21--22
\OT1/cmss/m/n/10 of
 []


Overfull \hbox (4.80557pt too wide) in paragraph at lines 21--22
\OT1/cmss/m/n/10 a
 []


Overfull \hbox (14.30559pt too wide) in paragraph at lines 21--22
\OT1/cmss/m/n/10 day
 []


Overfull \hbox (15.13892pt too wide) in paragraph at lines 21--22
\OT1/cmss/m/n/10 and
 []


Overfull \hbox (14.25003pt too wide) in paragraph at lines 21--22
\OT1/cmss/m/n/10 age
 []


Overfull \hbox (17.19447pt too wide) in paragraph at lines 21--22
\OT1/cmss/m/n/10 that
 []


Overfull \hbox (22.91669pt too wide) in paragraph at lines 21--22
\OT1/cmss/m/n/10 clam-
 []


Overfull \hbox (11.97224pt too wide) in paragraph at lines 21--22
\OT1/cmss/m/n/10 ors
 []


Overfull \hbox (11.19449pt too wide) in paragraph at lines 21--22
\OT1/cmss/m/n/10 for
 []


Overfull \hbox (4.80557pt too wide) in paragraph at lines 21--22
\OT1/cmss/m/n/10 a
 []


Overfull \hbox (16.05556pt too wide) in paragraph at lines 21--22
\OT1/cmss/m/n/10 mil-
 []


Overfull \hbox (14.94446pt too wide) in paragraph at lines 21--22
\OT1/cmss/m/n/10 lion
 []


Overfull \hbox (15.7778pt too wide) in paragraph at lines 21--22
\OT1/cmss/m/n/10 tiny
 []


Overfull \hbox (15.0pt too wide) in paragraph at lines 21--22
\OT1/cmss/m/n/10 bits
 []


Overfull \hbox (8.05559pt too wide) in paragraph at lines 21--22
\OT1/cmss/m/n/10 of
 []


Overfull \hbox (13.58337pt too wide) in paragraph at lines 21--22
\OT1/cmss/m/n/10 our
 []


Overfull \hbox (11.75002pt too wide) in paragraph at lines 21--22
\OT1/cmss/m/n/10 at-
 []


Overfull \hbox (16.55556pt too wide) in paragraph at lines 21--22
\OT1/cmss/m/n/10 ten-
 []


Overfull \hbox (18.94447pt too wide) in paragraph at lines 21--22
\OT1/cmss/m/n/10 tion.
 []


Overfull \hbox (6.66669pt too wide) in paragraph at lines 21--22
\OT1/cmss/m/n/10 A
 []


Overfull \hbox (17.5pt too wide) in paragraph at lines 21--22
\OT1/cmss/m/n/10 sup-
 []


Overfull \hbox (20.52782pt too wide) in paragraph at lines 21--22
\OT1/cmss/m/n/10 port-
 []


Overfull \hbox (11.44446pt too wide) in paragraph at lines 21--22
\OT1/cmss/m/n/10 ive
 []


Overfull \hbox (15.13892pt too wide) in paragraph at lines 21--22
\OT1/cmss/m/n/10 and
 []


Overfull \hbox (15.33336pt too wide) in paragraph at lines 21--22
\OT1/cmss/m/n/10 lov-
 []


Overfull \hbox (12.55557pt too wide) in paragraph at lines 21--22
\OT1/cmss/m/n/10 ing
 []


Overfull \hbox (19.13893pt too wide) in paragraph at lines 21--22
\OT1/cmss/m/n/10 fam-
 []


Overfull \hbox (9.3889pt too wide) in paragraph at lines 21--22
\OT1/cmss/m/n/10 ily
 []


Overfull \hbox (6.22221pt too wide) in paragraph at lines 21--22
\OT1/cmss/m/n/10 is
 []


Overfull \hbox (13.22223pt too wide) in paragraph at lines 21--22
\OT1/cmss/m/n/10 the
 []


Overfull \hbox (26.72224pt too wide) in paragraph at lines 21--22
\OT1/cmss/m/n/10 touch-
 []


Overfull \hbox (22.05557pt too wide) in paragraph at lines 21--22
\OT1/cmss/m/n/10 stone
 []


Overfull \hbox (17.19447pt too wide) in paragraph at lines 21--22
\OT1/cmss/m/n/10 that
 []


Overfull \hbox (32.75006pt too wide) in paragraph at lines 21--22
\OT1/cmss/m/n/10 grounds
 []


Overfull \hbox (9.0pt too wide) in paragraph at lines 21--22
\OT1/cmss/m/n/10 us
 []


Overfull \hbox (32.52785pt too wide) in paragraph at lines 21--22
\OT1/cmss/m/n/10 through
 []


Overfull \hbox (6.0pt too wide) in paragraph at lines 21--22
\OT1/cmss/m/n/10 it
 []


Overfull \hbox (12.36113pt too wide) in paragraph at lines 21--22
\OT1/cmss/m/n/10 all.
 []


Overfull \hbox (33.63898pt too wide) in paragraph at lines 21--22
\OT1/cmss/m/n/10 Franklin
 []


Overfull \hbox (24.27782pt too wide) in paragraph at lines 21--22
\OT1/cmss/m/n/10 would
 []


Overfull \hbox (13.83334pt too wide) in paragraph at lines 21--22
\OT1/cmss/m/n/10 like
 []


Overfull \hbox (8.61113pt too wide) in paragraph at lines 21--22
\OT1/cmss/m/n/10 to
 []


Overfull \hbox (27.47227pt too wide) in paragraph at lines 21--22
\OT1/cmss/m/n/10 thanks
 []


Overfull \hbox (11.38889pt too wide) in paragraph at lines 21--22
\OT1/cmss/m/n/10 his
 []


Overfull \hbox (19.13893pt too wide) in paragraph at lines 21--22
\OT1/cmss/m/n/10 fam-
 []


Overfull \hbox (11.33334pt too wide) in paragraph at lines 21--22
\OT1/cmss/m/n/10 ily,
 []


Overfull \hbox (11.6111pt too wide) in paragraph at lines 21--22
\OT1/cmss/m/n/10 es-
 []


Overfull \hbox (13.22223pt too wide) in paragraph at lines 21--22
\OT1/cmss/m/n/10 pe-
 []


Overfull \hbox (21.0278pt too wide) in paragraph at lines 21--22
\OT1/cmss/m/n/10 cially
 []


Overfull \hbox (11.38889pt too wide) in paragraph at lines 21--22
\OT1/cmss/m/n/10 his
 []


Overfull \hbox (15.33336pt too wide) in paragraph at lines 21--22
\OT1/cmss/m/n/10 lov-
 []


Overfull \hbox (12.55557pt too wide) in paragraph at lines 21--22
\OT1/cmss/m/n/10 ing
 []


Overfull \hbox (16.72226pt too wide) in paragraph at lines 21--22
\OT1/cmss/m/n/10 wife
 []


Overfull \hbox (11.19449pt too wide) in paragraph at lines 21--22
\OT1/cmss/m/n/10 for
 []


Overfull \hbox (20.97227pt too wide) in paragraph at lines 21--22
\OT1/cmss/m/n/10 mak-
 []


Overfull \hbox (12.55557pt too wide) in paragraph at lines 21--22
\OT1/cmss/m/n/10 ing
 []


Overfull \hbox (6.0pt too wide) in paragraph at lines 21--22
\OT1/cmss/m/n/10 it
 []


Overfull \hbox (17.61113pt too wide) in paragraph at lines 21--22
\OT1/cmss/m/n/10 pos-
 []


Overfull \hbox (9.55554pt too wide) in paragraph at lines 21--22
\OT1/cmss/m/n/10 si-
 []


Overfull \hbox (12.0pt too wide) in paragraph at lines 21--22
\OT1/cmss/m/n/10 ble
 []


Overfull \hbox (8.61113pt too wide) in paragraph at lines 21--22
\OT1/cmss/m/n/10 to
 []


Overfull \hbox (23.63892pt too wide) in paragraph at lines 21--22
\OT1/cmss/m/n/10 main-
 []


Overfull \hbox (15.97224pt too wide) in paragraph at lines 21--22
\OT1/cmss/m/n/10 tain
 []


Overfull \hbox (11.38892pt too wide) in paragraph at lines 21--22
\OT1/cmss/m/n/10 fo-
 []


Overfull \hbox (13.44444pt too wide) in paragraph at lines 21--22
\OT1/cmss/m/n/10 cus
 []


Overfull \hbox (7.55556pt too wide) in paragraph at lines 21--22
\OT1/cmss/m/n/10 in
 []


Overfull \hbox (4.80557pt too wide) in paragraph at lines 21--22
\OT1/cmss/m/n/10 a
 []


Overfull \hbox (25.11115pt too wide) in paragraph at lines 21--22
\OT1/cmss/m/n/10 focus-
 []


Overfull \hbox (31.63892pt too wide) in paragraph at lines 21--22
\OT1/cmss/m/n/10 stealing
 []


Overfull \hbox (25.02783pt too wide) in paragraph at lines 21--22
\OT1/cmss/m/n/10 world. 
 []


! LaTeX Error: Missing \begin{document}.

See the LaTeX manual or LaTeX Companion for explanation.
Type  H <return>  for immediate help.
 ...                                              
                                                  
l.25 Aaron Didier (@phreakinggeek).}
                                    
You're in trouble here.  Try typing  <return>  to proceed.
If that doesn't work, type  X <return>  to quit.

)
! Emergency stop.
<*> preface.tex
               
*** (job aborted, no legal \end found)

 
Here is how much of TeX's memory you used:
 10 strings out of 494561
 188 string characters out of 6177454
 59201 words of memory out of 5000000
 3769 multiletter control sequences out of 15000+600000
 3945 words of font info for 15 fonts, out of 8000000 for 9000
 14 hyphenation exceptions out of 8191
 18i,4n,14p,121b,115s stack positions out of 5000i,500n,10000p,200000b,80000s
!  ==> Fatal error occurred, no output PDF file produced!
